<?xml version="1.0" encoding="UTF-8"?>
<coverage generated="1770220334610" clover="3.2.0">
  <project timestamp="1770220334610" name="All files">
    <metrics statements="91" coveredstatements="88" conditionals="41" coveredconditionals="37" methods="20" coveredmethods="20" elements="152" coveredelements="145" complexity="0" loc="91" ncloc="91" packages="1" files="3" classes="3"/>
    <file name="Dashboard.tsx" path="/Users/diegoj/repos/isidorus-web-scraper/frontend/src/pages/Dashboard.tsx">
      <metrics statements="34" coveredstatements="32" conditionals="6" coveredconditionals="6" methods="8" coveredmethods="8"/>
      <line num="6" count="1" type="stmt"/>
      <line num="15" count="12" type="stmt"/>
      <line num="16" count="12" type="stmt"/>
      <line num="17" count="12" type="stmt"/>
      <line num="18" count="12" type="stmt"/>
      <line num="19" count="12" type="stmt"/>
      <line num="20" count="12" type="stmt"/>
      <line num="22" count="12" type="stmt"/>
      <line num="23" count="3" type="stmt"/>
      <line num="26" count="12" type="stmt"/>
      <line num="27" count="1" type="stmt"/>
      <line num="28" count="1" type="stmt"/>
      <line num="31" count="12" type="stmt"/>
      <line num="32" count="4" type="stmt"/>
      <line num="33" count="4" type="stmt"/>
      <line num="34" count="4" type="stmt"/>
      <line num="37" count="4" type="stmt"/>
      <line num="39" count="0" type="stmt"/>
      <line num="41" count="4" type="stmt"/>
      <line num="45" count="12" type="stmt"/>
      <line num="46" count="1" type="stmt"/>
      <line num="47" count="1" type="stmt"/>
      <line num="48" count="1" type="stmt"/>
      <line num="49" count="1" type="stmt"/>
      <line num="50" count="1" type="stmt"/>
      <line num="55" count="1" type="stmt"/>
      <line num="56" count="1" type="stmt"/>
      <line num="57" count="1" type="stmt"/>
      <line num="59" count="0" type="stmt"/>
      <line num="61" count="1" type="stmt"/>
      <line num="65" count="12" type="stmt"/>
      <line num="106" count="1" type="stmt"/>
      <line num="118" count="1" type="stmt"/>
      <line num="153" count="2" type="stmt"/>
    </file>
    <file name="Login.tsx" path="/Users/diegoj/repos/isidorus-web-scraper/frontend/src/pages/Login.tsx">
      <metrics statements="20" coveredstatements="20" conditionals="4" coveredconditionals="4" methods="4" coveredmethods="4"/>
      <line num="6" count="1" type="stmt"/>
      <line num="9" count="11" type="stmt"/>
      <line num="10" count="11" type="stmt"/>
      <line num="11" count="11" type="stmt"/>
      <line num="12" count="11" type="stmt"/>
      <line num="13" count="11" type="stmt"/>
      <line num="15" count="11" type="stmt"/>
      <line num="16" count="2" type="stmt"/>
      <line num="17" count="2" type="stmt"/>
      <line num="18" count="2" type="stmt"/>
      <line num="20" count="2" type="stmt"/>
      <line num="21" count="2" type="stmt"/>
      <line num="26" count="1" type="stmt"/>
      <line num="27" count="1" type="stmt"/>
      <line num="28" count="1" type="stmt"/>
      <line num="30" count="1" type="stmt"/>
      <line num="32" count="2" type="stmt"/>
      <line num="36" count="11" type="stmt"/>
      <line num="61" count="2" type="stmt"/>
      <line num="73" count="2" type="stmt"/>
    </file>
    <file name="ScrapingDetail.tsx" path="/Users/diegoj/repos/isidorus-web-scraper/frontend/src/pages/ScrapingDetail.tsx">
      <metrics statements="37" coveredstatements="36" conditionals="31" coveredconditionals="27" methods="8" coveredmethods="8"/>
      <line num="6" count="1" type="stmt"/>
      <line num="20" count="8" type="stmt"/>
      <line num="21" count="8" type="stmt"/>
      <line num="22" count="8" type="stmt"/>
      <line num="23" count="8" type="stmt"/>
      <line num="24" count="8" type="stmt"/>
      <line num="26" count="8" type="stmt"/>
      <line num="27" count="1" type="cond" truecount="3" falsecount="1"/>
      <line num="28" count="1" type="stmt"/>
      <line num="29" count="1" type="stmt"/>
      <line num="30" count="1" type="stmt"/>
      <line num="31" count="1" type="stmt"/>
      <line num="34" count="1" type="stmt"/>
      <line num="40" count="1" type="stmt"/>
      <line num="42" count="0" type="stmt"/>
      <line num="44" count="1" type="stmt"/>
      <line num="48" count="8" type="stmt"/>
      <line num="51" count="3" type="stmt"/>
      <line num="52" count="4" type="stmt"/>
      <line num="53" count="4" type="stmt"/>
      <line num="54" count="4" type="stmt"/>
      <line num="57" count="4" type="stmt"/>
      <line num="59" count="4" type="cond" truecount="2" falsecount="0"/>
      <line num="60" count="2" type="stmt"/>
      <line num="61" count="2" type="stmt"/>
      <line num="64" count="1" type="stmt"/>
      <line num="65" count="1" type="stmt"/>
      <line num="66" count="1" type="stmt"/>
      <line num="70" count="3" type="stmt"/>
      <line num="71" count="3" type="stmt"/>
      <line num="73" count="3" type="stmt"/>
      <line num="76" count="8" type="cond" truecount="4" falsecount="0"/>
      <line num="77" count="2" type="stmt"/>
      <line num="84" count="6" type="stmt"/>
      <line num="130" count="1" type="stmt"/>
      <line num="164" count="1" type="stmt"/>
      <line num="194" count="1" type="stmt"/>
    </file>
  </project>
</coverage>
