{"/Users/diegoj/repos/isidorus-web-scraper/frontend/src/pages/Dashboard.tsx": {"path":"/Users/diegoj/repos/isidorus-web-scraper/frontend/src/pages/Dashboard.tsx","statementMap":{"0":{"start":{"line":6,"column":17},"end":{"line":6,"column":null}},"1":{"start":{"line":15,"column":34},"end":{"line":15,"column":null}},"2":{"start":{"line":16,"column":30},"end":{"line":16,"column":null}},"3":{"start":{"line":17,"column":22},"end":{"line":17,"column":null}},"4":{"start":{"line":18,"column":26},"end":{"line":18,"column":null}},"5":{"start":{"line":19,"column":32},"end":{"line":19,"column":null}},"6":{"start":{"line":20,"column":10},"end":{"line":20,"column":null}},"7":{"start":{"line":22,"column":4},"end":{"line":24,"column":null}},"8":{"start":{"line":23,"column":8},"end":{"line":23,"column":null}},"9":{"start":{"line":26,"column":25},"end":{"line":29,"column":null}},"10":{"start":{"line":27,"column":8},"end":{"line":27,"column":null}},"11":{"start":{"line":28,"column":8},"end":{"line":28,"column":null}},"12":{"start":{"line":31,"column":27},"end":{"line":43,"column":null}},"13":{"start":{"line":32,"column":8},"end":{"line":42,"column":null}},"14":{"start":{"line":33,"column":27},"end":{"line":33,"column":null}},"15":{"start":{"line":34,"column":29},"end":{"line":36,"column":null}},"16":{"start":{"line":37,"column":12},"end":{"line":37,"column":null}},"17":{"start":{"line":39,"column":12},"end":{"line":39,"column":null}},"18":{"start":{"line":41,"column":12},"end":{"line":41,"column":null}},"19":{"start":{"line":45,"column":25},"end":{"line":63,"column":null}},"20":{"start":{"line":46,"column":8},"end":{"line":46,"column":null}},"21":{"start":{"line":47,"column":8},"end":{"line":47,"column":null}},"22":{"start":{"line":48,"column":8},"end":{"line":62,"column":null}},"23":{"start":{"line":49,"column":27},"end":{"line":49,"column":null}},"24":{"start":{"line":50,"column":12},"end":{"line":54,"column":null}},"25":{"start":{"line":55,"column":12},"end":{"line":55,"column":null}},"26":{"start":{"line":56,"column":12},"end":{"line":56,"column":null}},"27":{"start":{"line":57,"column":12},"end":{"line":57,"column":null}},"28":{"start":{"line":59,"column":12},"end":{"line":59,"column":null}},"29":{"start":{"line":61,"column":12},"end":{"line":61,"column":null}},"30":{"start":{"line":65,"column":4},"end":{"line":196,"column":null}},"31":{"start":{"line":106,"column":53},"end":{"line":106,"column":null}},"32":{"start":{"line":118,"column":53},"end":{"line":118,"column":null}},"33":{"start":{"line":153,"column":44},"end":{"line":176,"column":null}}},"fnMap":{"0":{"name":"Dashboard","decl":{"start":{"line":14,"column":24},"end":{"line":14,"column":36}},"loc":{"start":{"line":14,"column":36},"end":{"line":198,"column":null}},"line":14},"1":{"name":"(anonymous_1)","decl":{"start":{"line":22,"column":14},"end":{"line":22,"column":20}},"loc":{"start":{"line":22,"column":20},"end":{"line":24,"column":7}},"line":22},"2":{"name":"(anonymous_2)","decl":{"start":{"line":26,"column":25},"end":{"line":26,"column":31}},"loc":{"start":{"line":26,"column":31},"end":{"line":29,"column":null}},"line":26},"3":{"name":"(anonymous_3)","decl":{"start":{"line":31,"column":27},"end":{"line":31,"column":39}},"loc":{"start":{"line":31,"column":39},"end":{"line":43,"column":null}},"line":31},"4":{"name":"(anonymous_4)","decl":{"start":{"line":45,"column":25},"end":{"line":45,"column":32}},"loc":{"start":{"line":45,"column":55},"end":{"line":63,"column":null}},"line":45},"5":{"name":"(anonymous_5)","decl":{"start":{"line":106,"column":46},"end":{"line":106,"column":47}},"loc":{"start":{"line":106,"column":53},"end":{"line":106,"column":null}},"line":106},"6":{"name":"(anonymous_6)","decl":{"start":{"line":118,"column":46},"end":{"line":118,"column":47}},"loc":{"start":{"line":118,"column":53},"end":{"line":118,"column":null}},"line":118},"7":{"name":"(anonymous_7)","decl":{"start":{"line":152,"column":55},"end":{"line":152,"column":56}},"loc":{"start":{"line":153,"column":44},"end":{"line":176,"column":null}},"line":153}},"branchMap":{"0":{"loc":{"start":{"line":128,"column":29},"end":{"line":128,"column":null}},"type":"cond-expr","locations":[{"start":{"line":128,"column":40},"end":{"line":128,"column":87}},{"start":{"line":128,"column":87},"end":{"line":128,"column":null}}],"line":128},"1":{"loc":{"start":{"line":135,"column":21},"end":{"line":192,"column":null}},"type":"cond-expr","locations":[{"start":{"line":136,"column":24},"end":{"line":139,"column":null}},{"start":{"line":141,"column":24},"end":{"line":192,"column":null}}],"line":135},"2":{"loc":{"start":{"line":181,"column":29},"end":{"line":190,"column":null}},"type":"binary-expr","locations":[{"start":{"line":181,"column":29},"end":{"line":181,"column":null}},{"start":{"line":182,"column":32},"end":{"line":190,"column":null}}],"line":181}},"s":{"0":1,"1":12,"2":12,"3":12,"4":12,"5":12,"6":12,"7":12,"8":3,"9":12,"10":1,"11":1,"12":12,"13":4,"14":4,"15":4,"16":4,"17":0,"18":4,"19":12,"20":1,"21":1,"22":1,"23":1,"24":1,"25":1,"26":1,"27":1,"28":0,"29":1,"30":12,"31":1,"32":1,"33":2},"f":{"0":12,"1":3,"2":1,"3":4,"4":1,"5":1,"6":1,"7":2},"b":{"0":[1,10],"1":[7,4],"2":[4,2]},"meta":{"lastBranch":3,"lastFunction":8,"lastStatement":34,"seen":{"s:6:17:6:Infinity":0,"f:14:24:14:36":0,"s:15:34:15:Infinity":1,"s:16:30:16:Infinity":2,"s:17:22:17:Infinity":3,"s:18:26:18:Infinity":4,"s:19:32:19:Infinity":5,"s:20:10:20:Infinity":6,"s:22:4:24:Infinity":7,"f:22:14:22:20":1,"s:23:8:23:Infinity":8,"s:26:25:29:Infinity":9,"f:26:25:26:31":2,"s:27:8:27:Infinity":10,"s:28:8:28:Infinity":11,"s:31:27:43:Infinity":12,"f:31:27:31:39":3,"s:32:8:42:Infinity":13,"s:33:27:33:Infinity":14,"s:34:29:36:Infinity":15,"s:37:12:37:Infinity":16,"s:39:12:39:Infinity":17,"s:41:12:41:Infinity":18,"s:45:25:63:Infinity":19,"f:45:25:45:32":4,"s:46:8:46:Infinity":20,"s:47:8:47:Infinity":21,"s:48:8:62:Infinity":22,"s:49:27:49:Infinity":23,"s:50:12:54:Infinity":24,"s:55:12:55:Infinity":25,"s:56:12:56:Infinity":26,"s:57:12:57:Infinity":27,"s:59:12:59:Infinity":28,"s:61:12:61:Infinity":29,"s:65:4:196:Infinity":30,"f:106:46:106:47":5,"s:106:53:106:Infinity":31,"f:118:46:118:47":6,"s:118:53:118:Infinity":32,"b:128:40:128:87:128:87:128:Infinity":0,"b:136:24:139:Infinity:141:24:192:Infinity":1,"f:152:55:152:56":7,"s:153:44:176:Infinity":33,"b:181:29:181:Infinity:182:32:190:Infinity":2}}}
,"/Users/diegoj/repos/isidorus-web-scraper/frontend/src/pages/Login.tsx": {"path":"/Users/diegoj/repos/isidorus-web-scraper/frontend/src/pages/Login.tsx","statementMap":{"0":{"start":{"line":6,"column":17},"end":{"line":6,"column":null}},"1":{"start":{"line":9,"column":32},"end":{"line":9,"column":null}},"2":{"start":{"line":10,"column":32},"end":{"line":10,"column":null}},"3":{"start":{"line":11,"column":26},"end":{"line":11,"column":null}},"4":{"start":{"line":12,"column":30},"end":{"line":12,"column":null}},"5":{"start":{"line":13,"column":10},"end":{"line":13,"column":null}},"6":{"start":{"line":15,"column":24},"end":{"line":34,"column":null}},"7":{"start":{"line":16,"column":8},"end":{"line":16,"column":null}},"8":{"start":{"line":17,"column":8},"end":{"line":17,"column":null}},"9":{"start":{"line":18,"column":8},"end":{"line":18,"column":null}},"10":{"start":{"line":20,"column":8},"end":{"line":33,"column":null}},"11":{"start":{"line":21,"column":29},"end":{"line":24,"column":null}},"12":{"start":{"line":26,"column":32},"end":{"line":26,"column":null}},"13":{"start":{"line":27,"column":12},"end":{"line":27,"column":null}},"14":{"start":{"line":28,"column":12},"end":{"line":28,"column":null}},"15":{"start":{"line":30,"column":12},"end":{"line":30,"column":null}},"16":{"start":{"line":32,"column":12},"end":{"line":32,"column":null}},"17":{"start":{"line":36,"column":4},"end":{"line":106,"column":null}},"18":{"start":{"line":61,"column":49},"end":{"line":61,"column":null}},"19":{"start":{"line":73,"column":49},"end":{"line":73,"column":null}}},"fnMap":{"0":{"name":"Login","decl":{"start":{"line":8,"column":24},"end":{"line":8,"column":32}},"loc":{"start":{"line":8,"column":32},"end":{"line":108,"column":null}},"line":8},"1":{"name":"(anonymous_1)","decl":{"start":{"line":15,"column":24},"end":{"line":15,"column":31}},"loc":{"start":{"line":15,"column":54},"end":{"line":34,"column":null}},"line":15},"2":{"name":"(anonymous_2)","decl":{"start":{"line":61,"column":42},"end":{"line":61,"column":43}},"loc":{"start":{"line":61,"column":49},"end":{"line":61,"column":null}},"line":61},"3":{"name":"(anonymous_3)","decl":{"start":{"line":73,"column":42},"end":{"line":73,"column":43}},"loc":{"start":{"line":73,"column":49},"end":{"line":73,"column":null}},"line":73}},"branchMap":{"0":{"loc":{"start":{"line":78,"column":21},"end":{"line":81,"column":null}},"type":"binary-expr","locations":[{"start":{"line":78,"column":21},"end":{"line":78,"column":null}},{"start":{"line":79,"column":24},"end":{"line":81,"column":null}}],"line":78},"1":{"loc":{"start":{"line":89,"column":25},"end":{"line":95,"column":null}},"type":"cond-expr","locations":[{"start":{"line":90,"column":28},"end":{"line":90,"column":null}},{"start":{"line":92,"column":28},"end":{"line":95,"column":null}}],"line":89}},"s":{"0":1,"1":11,"2":11,"3":11,"4":11,"5":11,"6":11,"7":2,"8":2,"9":2,"10":2,"11":2,"12":1,"13":1,"14":1,"15":1,"16":2,"17":11,"18":2,"19":2},"f":{"0":11,"1":2,"2":2,"3":2},"b":{"0":[11,1],"1":[2,9]},"meta":{"lastBranch":2,"lastFunction":4,"lastStatement":20,"seen":{"s:6:17:6:Infinity":0,"f:8:24:8:32":0,"s:9:32:9:Infinity":1,"s:10:32:10:Infinity":2,"s:11:26:11:Infinity":3,"s:12:30:12:Infinity":4,"s:13:10:13:Infinity":5,"s:15:24:34:Infinity":6,"f:15:24:15:31":1,"s:16:8:16:Infinity":7,"s:17:8:17:Infinity":8,"s:18:8:18:Infinity":9,"s:20:8:33:Infinity":10,"s:21:29:24:Infinity":11,"s:26:32:26:Infinity":12,"s:27:12:27:Infinity":13,"s:28:12:28:Infinity":14,"s:30:12:30:Infinity":15,"s:32:12:32:Infinity":16,"s:36:4:106:Infinity":17,"f:61:42:61:43":2,"s:61:49:61:Infinity":18,"f:73:42:73:43":3,"s:73:49:73:Infinity":19,"b:78:21:78:Infinity:79:24:81:Infinity":0,"b:90:28:90:Infinity:92:28:95:Infinity":1}}}
,"/Users/diegoj/repos/isidorus-web-scraper/frontend/src/pages/ScrapingDetail.tsx": {"path":"/Users/diegoj/repos/isidorus-web-scraper/frontend/src/pages/ScrapingDetail.tsx","statementMap":{"0":{"start":{"line":6,"column":17},"end":{"line":6,"column":null}},"1":{"start":{"line":20,"column":15},"end":{"line":20,"column":null}},"2":{"start":{"line":21,"column":24},"end":{"line":21,"column":null}},"3":{"start":{"line":22,"column":30},"end":{"line":22,"column":null}},"4":{"start":{"line":23,"column":34},"end":{"line":23,"column":null}},"5":{"start":{"line":24,"column":10},"end":{"line":24,"column":null}},"6":{"start":{"line":26,"column":24},"end":{"line":46,"column":null}},"7":{"start":{"line":27,"column":8},"end":{"line":27,"column":null}},"8":{"start":{"line":27,"column":37},"end":{"line":27,"column":null}},"9":{"start":{"line":28,"column":8},"end":{"line":28,"column":null}},"10":{"start":{"line":29,"column":8},"end":{"line":45,"column":null}},"11":{"start":{"line":30,"column":27},"end":{"line":30,"column":null}},"12":{"start":{"line":31,"column":35},"end":{"line":31,"column":null}},"13":{"start":{"line":34,"column":29},"end":{"line":38,"column":null}},"14":{"start":{"line":40,"column":12},"end":{"line":40,"column":null}},"15":{"start":{"line":42,"column":12},"end":{"line":42,"column":null}},"16":{"start":{"line":44,"column":12},"end":{"line":44,"column":null}},"17":{"start":{"line":48,"column":4},"end":{"line":74,"column":null}},"18":{"start":{"line":51,"column":28},"end":{"line":68,"column":null}},"19":{"start":{"line":52,"column":12},"end":{"line":67,"column":null}},"20":{"start":{"line":53,"column":31},"end":{"line":53,"column":null}},"21":{"start":{"line":54,"column":33},"end":{"line":56,"column":null}},"22":{"start":{"line":57,"column":16},"end":{"line":57,"column":null}},"23":{"start":{"line":59,"column":16},"end":{"line":62,"column":null}},"24":{"start":{"line":60,"column":20},"end":{"line":60,"column":null}},"25":{"start":{"line":61,"column":20},"end":{"line":61,"column":null}},"26":{"start":{"line":64,"column":16},"end":{"line":64,"column":null}},"27":{"start":{"line":65,"column":16},"end":{"line":65,"column":null}},"28":{"start":{"line":66,"column":16},"end":{"line":66,"column":null}},"29":{"start":{"line":70,"column":8},"end":{"line":70,"column":null}},"30":{"start":{"line":71,"column":8},"end":{"line":71,"column":null}},"31":{"start":{"line":73,"column":8},"end":{"line":73,"column":null}},"32":{"start":{"line":73,"column":21},"end":{"line":73,"column":null}},"33":{"start":{"line":76,"column":4},"end":{"line":82,"column":null}},"34":{"start":{"line":77,"column":8},"end":{"line":80,"column":null}},"35":{"start":{"line":84,"column":4},"end":{"line":210,"column":null}},"36":{"start":{"line":130,"column":28},"end":{"line":205,"column":null}},"37":{"start":{"line":164,"column":52},"end":{"line":179,"column":null}},"38":{"start":{"line":194,"column":52},"end":{"line":199,"column":null}}},"fnMap":{"0":{"name":"ScrapingDetail","decl":{"start":{"line":19,"column":24},"end":{"line":19,"column":41}},"loc":{"start":{"line":19,"column":41},"end":{"line":212,"column":null}},"line":19},"1":{"name":"(anonymous_1)","decl":{"start":{"line":26,"column":24},"end":{"line":26,"column":36}},"loc":{"start":{"line":26,"column":36},"end":{"line":46,"column":null}},"line":26},"2":{"name":"(anonymous_2)","decl":{"start":{"line":48,"column":14},"end":{"line":48,"column":20}},"loc":{"start":{"line":48,"column":20},"end":{"line":74,"column":7}},"line":48},"3":{"name":"(anonymous_3)","decl":{"start":{"line":51,"column":28},"end":{"line":51,"column":40}},"loc":{"start":{"line":51,"column":40},"end":{"line":68,"column":null}},"line":51},"4":{"name":"(anonymous_4)","decl":{"start":{"line":73,"column":15},"end":{"line":73,"column":21}},"loc":{"start":{"line":73,"column":21},"end":{"line":73,"column":null}},"line":73},"5":{"name":"(anonymous_5)","decl":{"start":{"line":129,"column":39},"end":{"line":129,"column":40}},"loc":{"start":{"line":130,"column":28},"end":{"line":205,"column":null}},"line":130},"6":{"name":"(anonymous_6)","decl":{"start":{"line":163,"column":65},"end":{"line":163,"column":66}},"loc":{"start":{"line":164,"column":52},"end":{"line":179,"column":null}},"line":164},"7":{"name":"(anonymous_7)","decl":{"start":{"line":193,"column":77},"end":{"line":193,"column":78}},"loc":{"start":{"line":194,"column":52},"end":{"line":199,"column":null}},"line":194}},"branchMap":{"0":{"loc":{"start":{"line":27,"column":8},"end":{"line":27,"column":null}},"type":"if","locations":[{"start":{"line":27,"column":8},"end":{"line":27,"column":null}},{"start":{},"end":{}}],"line":27},"1":{"loc":{"start":{"line":27,"column":12},"end":{"line":27,"column":37}},"type":"binary-expr","locations":[{"start":{"line":27,"column":12},"end":{"line":27,"column":21}},{"start":{"line":27,"column":21},"end":{"line":27,"column":37}}],"line":27},"2":{"loc":{"start":{"line":36,"column":30},"end":{"line":36,"column":41}},"type":"binary-expr","locations":[{"start":{"line":36,"column":30},"end":{"line":36,"column":39}},{"start":{"line":36,"column":39},"end":{"line":36,"column":41}}],"line":36},"3":{"loc":{"start":{"line":59,"column":16},"end":{"line":62,"column":null}},"type":"if","locations":[{"start":{"line":59,"column":16},"end":{"line":62,"column":null}},{"start":{},"end":{}}],"line":59},"4":{"loc":{"start":{"line":76,"column":4},"end":{"line":82,"column":null}},"type":"if","locations":[{"start":{"line":76,"column":4},"end":{"line":82,"column":null}},{"start":{},"end":{}}],"line":76},"5":{"loc":{"start":{"line":76,"column":8},"end":{"line":76,"column":26}},"type":"binary-expr","locations":[{"start":{"line":76,"column":8},"end":{"line":76,"column":17}},{"start":{"line":76,"column":17},"end":{"line":76,"column":26}}],"line":76},"6":{"loc":{"start":{"line":94,"column":117},"end":{"line":98,"column":null}},"type":"cond-expr","locations":[{"start":{"line":95,"column":30},"end":{"line":95,"column":null}},{"start":{"line":96,"column":30},"end":{"line":98,"column":null}}],"line":94},"7":{"loc":{"start":{"line":96,"column":30},"end":{"line":98,"column":null}},"type":"cond-expr","locations":[{"start":{"line":97,"column":34},"end":{"line":97,"column":null}},{"start":{"line":98,"column":34},"end":{"line":98,"column":null}}],"line":96},"8":{"loc":{"start":{"line":100,"column":29},"end":{"line":100,"column":null}},"type":"binary-expr","locations":[{"start":{"line":100,"column":29},"end":{"line":100,"column":45}},{"start":{"line":100,"column":45},"end":{"line":100,"column":null}}],"line":100},"9":{"loc":{"start":{"line":108,"column":29},"end":{"line":108,"column":null}},"type":"cond-expr","locations":[{"start":{"line":108,"column":41},"end":{"line":108,"column":88}},{"start":{"line":108,"column":88},"end":{"line":108,"column":null}}],"line":108},"10":{"loc":{"start":{"line":127,"column":17},"end":{"line":207,"column":null}},"type":"binary-expr","locations":[{"start":{"line":127,"column":17},"end":{"line":127,"column":49}},{"start":{"line":127,"column":49},"end":{"line":127,"column":null}},{"start":{"line":128,"column":20},"end":{"line":207,"column":null}}],"line":127},"11":{"loc":{"start":{"line":143,"column":37},"end":{"line":152,"column":null}},"type":"binary-expr","locations":[{"start":{"line":143,"column":37},"end":{"line":143,"column":null}},{"start":{"line":144,"column":40},"end":{"line":152,"column":null}}],"line":143},"12":{"loc":{"start":{"line":156,"column":37},"end":{"line":182,"column":null}},"type":"binary-expr","locations":[{"start":{"line":156,"column":37},"end":{"line":156,"column":null}},{"start":{"line":157,"column":40},"end":{"line":182,"column":null}}],"line":156},"13":{"loc":{"start":{"line":172,"column":57},"end":{"line":177,"column":null}},"type":"binary-expr","locations":[{"start":{"line":172,"column":57},"end":{"line":172,"column":null}},{"start":{"line":173,"column":60},"end":{"line":177,"column":null}}],"line":172},"14":{"loc":{"start":{"line":186,"column":37},"end":{"line":202,"column":null}},"type":"binary-expr","locations":[{"start":{"line":186,"column":37},"end":{"line":186,"column":null}},{"start":{"line":187,"column":40},"end":{"line":202,"column":null}}],"line":186}},"s":{"0":1,"1":8,"2":8,"3":8,"4":8,"5":8,"6":8,"7":1,"8":0,"9":1,"10":1,"11":1,"12":1,"13":1,"14":1,"15":0,"16":1,"17":8,"18":3,"19":4,"20":4,"21":4,"22":4,"23":4,"24":2,"25":2,"26":1,"27":1,"28":1,"29":3,"30":3,"31":3,"32":3,"33":8,"34":2,"35":6,"36":1,"37":1,"38":1},"f":{"0":8,"1":1,"2":3,"3":4,"4":3,"5":1,"6":1,"7":1},"b":{"0":[0,1],"1":[1,1],"2":[1,0],"3":[2,2],"4":[2,6],"5":[8,2],"6":[5,1],"7":[1,0],"8":[8,0],"9":[1,5],"10":[8,5,1],"11":[1,1],"12":[1,1],"13":[1,1],"14":[1,1]},"meta":{"lastBranch":15,"lastFunction":8,"lastStatement":39,"seen":{"s:6:17:6:Infinity":0,"f:19:24:19:41":0,"s:20:15:20:Infinity":1,"s:21:24:21:Infinity":2,"s:22:30:22:Infinity":3,"s:23:34:23:Infinity":4,"s:24:10:24:Infinity":5,"s:26:24:46:Infinity":6,"f:26:24:26:36":1,"b:27:8:27:Infinity:undefined:undefined:undefined:undefined":0,"s:27:8:27:Infinity":7,"b:27:12:27:21:27:21:27:37":1,"s:27:37:27:Infinity":8,"s:28:8:28:Infinity":9,"s:29:8:45:Infinity":10,"s:30:27:30:Infinity":11,"s:31:35:31:Infinity":12,"s:34:29:38:Infinity":13,"b:36:30:36:39:36:39:36:41":2,"s:40:12:40:Infinity":14,"s:42:12:42:Infinity":15,"s:44:12:44:Infinity":16,"s:48:4:74:Infinity":17,"f:48:14:48:20":2,"s:51:28:68:Infinity":18,"f:51:28:51:40":3,"s:52:12:67:Infinity":19,"s:53:31:53:Infinity":20,"s:54:33:56:Infinity":21,"s:57:16:57:Infinity":22,"b:59:16:62:Infinity:undefined:undefined:undefined:undefined":3,"s:59:16:62:Infinity":23,"s:60:20:60:Infinity":24,"s:61:20:61:Infinity":25,"s:64:16:64:Infinity":26,"s:65:16:65:Infinity":27,"s:66:16:66:Infinity":28,"s:70:8:70:Infinity":29,"s:71:8:71:Infinity":30,"s:73:8:73:Infinity":31,"f:73:15:73:21":4,"s:73:21:73:Infinity":32,"b:76:4:82:Infinity:undefined:undefined:undefined:undefined":4,"s:76:4:82:Infinity":33,"b:76:8:76:17:76:17:76:26":5,"s:77:8:80:Infinity":34,"s:84:4:210:Infinity":35,"b:95:30:95:Infinity:96:30:98:Infinity":6,"b:97:34:97:Infinity:98:34:98:Infinity":7,"b:100:29:100:45:100:45:100:Infinity":8,"b:108:41:108:88:108:88:108:Infinity":9,"b:127:17:127:49:127:49:127:Infinity:128:20:207:Infinity":10,"f:129:39:129:40":5,"s:130:28:205:Infinity":36,"b:143:37:143:Infinity:144:40:152:Infinity":11,"b:156:37:156:Infinity:157:40:182:Infinity":12,"f:163:65:163:66":6,"s:164:52:179:Infinity":37,"b:172:57:172:Infinity:173:60:177:Infinity":13,"b:186:37:186:Infinity:187:40:202:Infinity":14,"f:193:77:193:78":7,"s:194:52:199:Infinity":38}}}
}
