mode: set
writer-worker/repositories/db_repository.go:17.72,18.20 1 1
writer-worker/repositories/db_repository.go:18.20,20.3 1 1
writer-worker/repositories/db_repository.go:21.2,24.3 1 1
writer-worker/repositories/db_repository.go:27.82,34.52 2 1
writer-worker/repositories/db_repository.go:34.52,36.3 1 1
writer-worker/repositories/db_repository.go:39.2,39.24 1 1
writer-worker/repositories/db_repository.go:39.24,41.37 2 1
writer-worker/repositories/db_repository.go:41.37,48.4 1 1
writer-worker/repositories/db_repository.go:50.3,50.78 1 1
writer-worker/repositories/db_repository.go:50.78,52.4 1 1
writer-worker/repositories/db_repository.go:56.2,56.24 1 1
writer-worker/repositories/db_repository.go:56.24,58.34 2 1
writer-worker/repositories/db_repository.go:58.34,64.4 1 1
writer-worker/repositories/db_repository.go:66.3,66.78 1 1
writer-worker/repositories/db_repository.go:66.78,68.4 1 1
writer-worker/repositories/db_repository.go:71.2,71.12 1 1
writer-worker/repositories/db_repository.go:74.90,82.16 3 1
writer-worker/repositories/db_repository.go:82.16,84.3 1 1
writer-worker/repositories/db_repository.go:87.2,95.53 2 1
writer-worker/repositories/db_repository.go:95.53,97.3 1 1
writer-worker/repositories/db_repository.go:98.2,98.12 1 1
writer-worker/repositories/db_repository.go:101.85,108.25 2 1
writer-worker/repositories/db_repository.go:108.25,110.3 1 1
writer-worker/repositories/db_repository.go:112.2,112.30 1 1
writer-worker/repositories/db_repository.go:112.30,114.3 1 1
writer-worker/repositories/db_repository.go:116.2,116.12 1 1
writer-worker/repositories/db_repository.go:119.74,125.2 2 1
writer-worker/repositories/dynamo_client.go:22.78,27.2 1 1
writer-worker/repositories/dynamo_client.go:29.98,30.23 1 1
writer-worker/repositories/dynamo_client.go:30.23,33.3 2 1
writer-worker/repositories/dynamo_client.go:35.2,49.16 2 1
writer-worker/repositories/dynamo_client.go:49.16,51.3 1 1
writer-worker/repositories/dynamo_client.go:53.2,54.12 2 1
writer-worker/repositories/dynamo_client.go:56.122,57.23 1 1
writer-worker/repositories/dynamo_client.go:57.23,60.3 2 1
writer-worker/repositories/dynamo_client.go:62.2,77.16 2 1
writer-worker/repositories/dynamo_client.go:77.16,79.3 1 1
writer-worker/repositories/dynamo_client.go:81.2,82.12 2 1
writer-worker/repositories/sqs_client.go:15.53,17.2 1 1
writer-worker/repositories/sqs_client.go:19.148,25.16 2 1
writer-worker/repositories/sqs_client.go:25.16,27.3 1 1
writer-worker/repositories/sqs_client.go:28.2,28.17 1 1
writer-worker/repositories/sqs_client.go:31.105,36.16 2 1
writer-worker/repositories/sqs_client.go:36.16,38.3 1 1
writer-worker/repositories/sqs_client.go:39.2,39.12 1 1
