mode: set
scraped-worker/repositories/page_fetcher.go:10.40,12.2 1 0
scraped-worker/repositories/page_fetcher.go:14.70,16.16 2 0
scraped-worker/repositories/page_fetcher.go:16.16,18.3 1 0
scraped-worker/repositories/page_fetcher.go:19.2,19.18 1 0
scraped-worker/repositories/redis_client.go:14.53,19.2 2 0
scraped-worker/repositories/redis_client.go:21.82,22.63 1 1
scraped-worker/repositories/redis_client.go:22.63,24.3 1 1
scraped-worker/repositories/redis_client.go:25.2,25.12 1 1
scraped-worker/repositories/redis_client.go:28.76,30.16 2 1
scraped-worker/repositories/redis_client.go:30.16,32.3 1 1
scraped-worker/repositories/redis_client.go:33.2,33.17 1 1
scraped-worker/repositories/redis_client.go:36.76,38.16 2 1
scraped-worker/repositories/redis_client.go:38.16,40.3 1 1
scraped-worker/repositories/redis_client.go:41.2,41.17 1 1
scraped-worker/repositories/redis_client.go:44.100,46.16 2 1
scraped-worker/repositories/redis_client.go:46.16,48.3 1 1
scraped-worker/repositories/redis_client.go:49.2,49.17 1 1
scraped-worker/repositories/sqs_client.go:16.53,18.2 1 1
scraped-worker/repositories/sqs_client.go:20.113,26.16 2 1
scraped-worker/repositories/sqs_client.go:26.16,28.3 1 1
scraped-worker/repositories/sqs_client.go:29.2,29.17 1 1
scraped-worker/repositories/sqs_client.go:32.105,37.16 2 1
scraped-worker/repositories/sqs_client.go:37.16,39.3 1 1
scraped-worker/repositories/sqs_client.go:40.2,40.12 1 1
scraped-worker/repositories/sqs_client.go:43.97,45.16 2 1
scraped-worker/repositories/sqs_client.go:45.16,47.3 1 1
scraped-worker/repositories/sqs_client.go:48.2,52.16 2 1
scraped-worker/repositories/sqs_client.go:52.16,54.3 1 1
scraped-worker/repositories/sqs_client.go:55.2,55.12 1 1
scraped-worker/services/scraper_service.go:50.47,51.33 1 1
scraped-worker/services/scraper_service.go:51.33,51.52 1 1
scraped-worker/services/scraper_service.go:54.51,55.33 1 1
scraped-worker/services/scraper_service.go:55.33,55.54 1 1
scraped-worker/services/scraper_service.go:58.51,59.33 1 1
scraped-worker/services/scraper_service.go:59.33,59.54 1 1
scraped-worker/services/scraper_service.go:62.72,63.33 1 1
scraped-worker/services/scraper_service.go:63.33,68.3 4 1
scraped-worker/services/scraper_service.go:71.74,72.33 1 1
scraped-worker/services/scraper_service.go:72.33,75.3 2 1
scraped-worker/services/scraper_service.go:78.63,80.27 2 1
scraped-worker/services/scraper_service.go:80.27,82.3 1 1
scraped-worker/services/scraper_service.go:83.2,83.10 1 1
scraped-worker/services/scraper_service.go:86.67,97.16 6 1
scraped-worker/services/scraper_service.go:97.16,100.3 2 1
scraped-worker/services/scraper_service.go:101.2,103.38 2 1
scraped-worker/services/scraper_service.go:103.38,106.3 2 1
scraped-worker/services/scraper_service.go:108.2,116.6 6 1
scraped-worker/services/scraper_service.go:116.6,118.28 2 1
scraped-worker/services/scraper_service.go:118.28,119.9 1 1
scraped-worker/services/scraper_service.go:122.3,122.27 1 1
scraped-worker/services/scraper_service.go:122.27,128.38 3 1
scraped-worker/services/scraper_service.go:128.38,131.5 2 1
scraped-worker/services/scraper_service.go:132.9,132.72 1 1
scraped-worker/services/scraper_service.go:132.72,134.25 2 1
scraped-worker/services/scraper_service.go:134.25,135.37 1 1
scraped-worker/services/scraper_service.go:135.37,136.28 1 1
scraped-worker/services/scraper_service.go:136.28,138.7 1 1
scraped-worker/services/scraper_service.go:140.10,140.34 1 1
scraped-worker/services/scraper_service.go:140.34,141.37 1 1
scraped-worker/services/scraper_service.go:141.37,142.27 1 1
scraped-worker/services/scraper_service.go:142.27,144.7 1 1
scraped-worker/services/scraper_service.go:152.2,159.82 2 1
scraped-worker/services/scraper_service.go:159.82,161.3 1 0
scraped-worker/services/scraper_service.go:164.2,165.88 2 1
scraped-worker/services/scraper_service.go:165.88,171.88 2 1
scraped-worker/services/scraper_service.go:171.88,173.4 1 0
scraped-worker/services/scraper_service.go:177.2,177.29 1 1
scraped-worker/services/scraper_service.go:177.29,178.33 1 1
scraped-worker/services/scraper_service.go:178.33,184.80 2 1
scraped-worker/services/scraper_service.go:184.80,186.5 1 0
scraped-worker/services/scraper_service.go:191.2,192.19 2 1
scraped-worker/services/scraper_service.go:192.19,195.30 2 1
scraped-worker/services/scraper_service.go:195.30,196.39 1 1
scraped-worker/services/scraper_service.go:196.39,199.19 2 1
scraped-worker/services/scraper_service.go:199.19,201.14 2 1
scraped-worker/services/scraper_service.go:204.5,204.18 1 1
scraped-worker/services/scraper_service.go:204.18,206.6 1 1
scraped-worker/services/scraper_service.go:212.2,212.26 1 1
scraped-worker/services/scraper_service.go:212.26,215.17 3 1
scraped-worker/services/scraper_service.go:215.17,218.4 2 1
scraped-worker/services/scraper_service.go:222.2,223.35 2 1
scraped-worker/services/scraper_service.go:223.35,230.17 3 1
scraped-worker/services/scraper_service.go:230.17,233.4 2 1
scraped-worker/services/scraper_service.go:237.2,237.21 1 1
scraped-worker/services/scraper_service.go:237.21,240.17 3 1
scraped-worker/services/scraper_service.go:240.17,242.4 1 1
scraped-worker/services/scraper_service.go:246.2,248.16 3 1
scraped-worker/services/scraper_service.go:248.16,251.3 2 1
scraped-worker/services/scraper_service.go:254.2,254.14 1 1
scraped-worker/services/scraper_service.go:254.14,260.87 3 1
scraped-worker/services/scraper_service.go:260.87,262.4 1 0
scraped-worker/services/scraper_service.go:266.73,268.29 2 1
scraped-worker/services/scraper_service.go:268.29,271.40 3 1
scraped-worker/services/scraper_service.go:271.40,273.4 1 1
